Namespace(lr=0.1, resume=None, cpu=False, workers=2, epochs=20, optim='Adam', batchsize=16, model='MMGCN')
cuda
==> Preparing data..
==> Building model..
Optimizer: Adam (
Parameter Group 0
    amsgrad: False
    betas: (0.9, 0.999)
    capturable: False
    eps: 1e-08
    foreach: None
    lr: 0.1
    maximize: False
    weight_decay: 0.0005
)
MMGCN ============================================
Total Trainable Parameters : 90767137

  0%|          | 0/20 [00:00<?, ?it/s]Training --- Epoch : 0 | Accuracy : 0.595 | Loss : 0.044076563652823954 | AUC : 0.511

  5%|▌         | 1/20 [18:21<5:48:45, 1101.34s/it]Validation --- Epoch : 0 | Accuracy : 0.5 | Loss : 0.07110616236925126 | AUC : 0.497
Saving..
best auc: 0.497
*****************************************************************************************
Training --- Epoch : 1 | Accuracy : 0.591 | Loss : 0.04428413427577299 | AUC : 0.507

 10%|█         | 2/20 [36:33<5:28:49, 1096.08s/it]Validation --- Epoch : 1 | Accuracy : 0.476 | Loss : 0.04809063720703125 | AUC : 0.463
*****************************************************************************************
Training --- Epoch : 2 | Accuracy : 0.59 | Loss : 0.044308332085609435 | AUC : 0.497

 15%|█▌        | 3/20 [54:46<5:10:06, 1094.51s/it]Validation --- Epoch : 2 | Accuracy : 0.484 | Loss : 0.046886480689048764 | AUC : 0.483
*****************************************************************************************
Training --- Epoch : 3 | Accuracy : 0.6 | Loss : 0.0438885331679793 | AUC : 0.498

 20%|██        | 4/20 [1:12:59<4:51:41, 1093.86s/it]Validation --- Epoch : 3 | Accuracy : 0.466 | Loss : 0.05107782781124115 | AUC : 0.457
*****************************************************************************************
Training --- Epoch : 4 | Accuracy : 0.598 | Loss : 0.0442519152339767 | AUC : 0.505

 25%|██▌       | 5/20 [1:31:14<4:33:34, 1094.28s/it]Validation --- Epoch : 4 | Accuracy : 0.518 | Loss : 0.047970593452453615 | AUC : 0.528
Saving..
best auc: 0.528
*****************************************************************************************
Training --- Epoch : 5 | Accuracy : 0.588 | Loss : 0.04511324497180826 | AUC : 0.495

 30%|███       | 6/20 [1:49:29<4:15:23, 1094.55s/it]Validation --- Epoch : 5 | Accuracy : 0.486 | Loss : 0.05263586473464966 | AUC : 0.484
*****************************************************************************************
Training --- Epoch : 6 | Accuracy : 0.591 | Loss : 0.044458966721506676 | AUC : 0.503

 35%|███▌      | 7/20 [2:07:44<3:57:10, 1094.64s/it]Validation --- Epoch : 6 | Accuracy : 0.502 | Loss : 0.05018310296535492 | AUC : 0.464
*****************************************************************************************
Training --- Epoch : 7 | Accuracy : 0.588 | Loss : 0.044565827253986806 | AUC : 0.488

 40%|████      | 8/20 [2:25:58<3:38:56, 1094.69s/it]Validation --- Epoch : 7 | Accuracy : 0.486 | Loss : 0.05204233354330063 | AUC : 0.489
*****************************************************************************************
Training --- Epoch : 8 | Accuracy : 0.594 | Loss : 0.04434134929671007 | AUC : 0.496

 45%|████▌     | 9/20 [2:44:13<3:20:41, 1094.68s/it]Validation --- Epoch : 8 | Accuracy : 0.498 | Loss : 0.054854601770639416 | AUC : 0.512
*****************************************************************************************
Training --- Epoch : 9 | Accuracy : 0.59 | Loss : 0.04431388603238499 | AUC : 0.492

 50%|█████     | 10/20 [3:02:28<3:02:26, 1094.68s/it]Validation --- Epoch : 9 | Accuracy : 0.524 | Loss : 0.04884829396009445 | AUC : 0.499
*****************************************************************************************
Training --- Epoch : 10 | Accuracy : 0.6 | Loss : 0.04410991367522408 | AUC : 0.506

 55%|█████▌    | 11/20 [3:20:45<2:44:18, 1095.42s/it]Validation --- Epoch : 10 | Accuracy : 0.498 | Loss : 0.06085048770904541 | AUC : 0.5
*****************************************************************************************
Training --- Epoch : 11 | Accuracy : 0.597 | Loss : 0.04430487143642762 | AUC : 0.494

 60%|██████    | 12/20 [3:39:07<2:26:18, 1097.33s/it]Validation --- Epoch : 11 | Accuracy : 0.516 | Loss : 0.0483761488199234 | AUC : 0.524
*****************************************************************************************
Training --- Epoch : 12 | Accuracy : 0.598 | Loss : 0.043847098466228036 | AUC : 0.505

 65%|██████▌   | 13/20 [3:57:31<2:08:16, 1099.46s/it]Validation --- Epoch : 12 | Accuracy : 0.518 | Loss : 0.04952700251340866 | AUC : 0.548
Saving..
best auc: 0.548
*****************************************************************************************
Training --- Epoch : 13 | Accuracy : 0.599 | Loss : 0.04462392604701659 | AUC : 0.508

 70%|███████   | 14/20 [4:15:53<1:50:01, 1100.31s/it]Validation --- Epoch : 13 | Accuracy : 0.506 | Loss : 0.052121995449066164 | AUC : 0.511
*****************************************************************************************
Training --- Epoch : 14 | Accuracy : 0.593 | Loss : 0.044648297439603246 | AUC : 0.505

 75%|███████▌  | 15/20 [4:34:15<1:31:44, 1100.83s/it]Validation --- Epoch : 14 | Accuracy : 0.522 | Loss : 0.0490433144569397 | AUC : 0.499
*****************************************************************************************
Training --- Epoch : 15 | Accuracy : 0.602 | Loss : 0.044107866122442135 | AUC : 0.507

 80%|████████  | 16/20 [4:52:38<1:13:25, 1101.33s/it]Validation --- Epoch : 15 | Accuracy : 0.5 | Loss : 0.06665878945589065 | AUC : 0.528
*****************************************************************************************
Training --- Epoch : 16 | Accuracy : 0.59 | Loss : 0.044726292887154746 | AUC : 0.502

 85%|████████▌ | 17/20 [5:11:00<55:05, 1101.70s/it]  Validation --- Epoch : 16 | Accuracy : 0.496 | Loss : 0.049572071194648744 | AUC : 0.486
*****************************************************************************************
Training --- Epoch : 17 | Accuracy : 0.589 | Loss : 0.04446455484979293 | AUC : 0.5

 90%|█████████ | 18/20 [5:29:22<36:43, 1101.84s/it]Validation --- Epoch : 17 | Accuracy : 0.48 | Loss : 0.04595737028121948 | AUC : 0.491
*****************************************************************************************
Training --- Epoch : 18 | Accuracy : 0.592 | Loss : 0.04494521289713242 | AUC : 0.499

 95%|█████████▌| 19/20 [5:47:45<18:21, 1101.95s/it]Validation --- Epoch : 18 | Accuracy : 0.496 | Loss : 0.06182827371358871 | AUC : 0.485
*****************************************************************************************
Training --- Epoch : 19 | Accuracy : 0.585 | Loss : 0.04478382776765263 | AUC : 0.492

100%|██████████| 20/20 [6:06:07<00:00, 1102.10s/it]
100%|██████████| 20/20 [6:06:07<00:00, 1098.38s/it]
Validation --- Epoch : 19 | Accuracy : 0.478 | Loss : 0.04646364688873291 | AUC : 0.476
*****************************************************************************************
Testing --- Epoch : 19 | Accuracy : 0.547 | Loss : 0.04374224978685379 | AUC : 0.514
{'loss': 0.04374224978685379, 'accuracy': 0.547, 'auc': 0.514, 'micro_f1': 0.547, 'prediction': array([False, False,  True, ..., False, False, False]), 'labels': array([[1.],
       [1.],
       [1.],
       ...,
       [0.],
       [0.],
       [0.]], dtype=float32), 'proba': array([0.34039953, 0.44545922, 0.5668236 , ..., 0.43149474, 0.41053155,
       0.44522732], dtype=float32)}
Model Training Completed
